# JRE version: Java(TM) SE Runtime Environment (8.0_291-b10) (build 1.8.0_291-b10)
# Java VM: Java HotSpot(TM) 64-Bit Server VM (25.291-b10 mixed mode windows-amd64 compressed oops)
Heap:
 PSYoungGen      total 42496K, used 31886K [0x00000000d5d80000, 0x00000000da580000, 0x0000000100000000)
  eden space 32768K, 90% used [0x00000000d5d80000,0x00000000d7a6b658,0x00000000d7d80000)
  from space 9728K, 23% used [0x00000000d7d80000,0x00000000d7fb8580,0x00000000d8700000)
  to   space 10240K, 0% used [0x00000000d9b80000,0x00000000d9b80000,0x00000000da580000)
 ParOldGen       total 58368K, used 9498K [0x0000000081800000, 0x0000000085100000, 0x00000000d5d80000)
  object space 58368K, 16% used [0x0000000081800000,0x0000000082146980,0x0000000085100000)
 Metaspace       used 25255K, capacity 25634K, committed 25984K, reserved 1071104K
  class space    used 3241K, capacity 3356K, committed 3456K, reserved 1048576K
GC Heap History (10 events):
Event: 8.444 GC heap before
{Heap before GC invocations=4 (full 0):
 PSYoungGen      total 38400K, used 38384K [0x00000000d5d80000, 0x00000000d8800000, 0x0000000100000000)
  eden space 33280K, 100% used [0x00000000d5d80000,0x00000000d7e00000,0x00000000d7e00000)
  from space 5120K, 99% used [0x00000000d7e00000,0x00000000d82fc0e0,0x00000000d8300000)
  to   space 5120K, 0% used [0x00000000d8300000,0x00000000d8300000,0x00000000d8800000)
 ParOldGen       total 87552K, used 1777K [0x0000000081800000, 0x0000000086d80000, 0x00000000d5d80000)
  object space 87552K, 2% used [0x0000000081800000,0x00000000819bc518,0x0000000086d80000)
 Metaspace       used 16899K, capacity 17080K, committed 17280K, reserved 1064960K
  class space    used 2057K, capacity 2121K, committed 2176K, reserved 1048576K
Event: 8.452 GC heap after
Heap after GC invocations=4 (full 0):
 PSYoungGen      total 38400K, used 5118K [0x00000000d5d80000, 0x00000000d8800000, 0x0000000100000000)
  eden space 33280K, 0% used [0x00000000d5d80000,0x00000000d5d80000,0x00000000d7e00000)
  from space 5120K, 99% used [0x00000000d8300000,0x00000000d87ffa00,0x00000000d8800000)
  to   space 5120K, 0% used [0x00000000d7e00000,0x00000000d7e00000,0x00000000d8300000)
 ParOldGen       total 87552K, used 3745K [0x0000000081800000, 0x0000000086d80000, 0x00000000d5d80000)
  object space 87552K, 4% used [0x0000000081800000,0x0000000081ba8728,0x0000000086d80000)
 Metaspace       used 16899K, capacity 17080K, committed 17280K, reserved 1064960K
  class space    used 2057K, capacity 2121K, committed 2176K, reserved 1048576K
}
Event: 9.354 GC heap before
{Heap before GC invocations=5 (full 0):
 PSYoungGen      total 38400K, used 38398K [0x00000000d5d80000, 0x00000000d8800000, 0x0000000100000000)
  eden space 33280K, 100% used [0x00000000d5d80000,0x00000000d7e00000,0x00000000d7e00000)
  from space 5120K, 99% used [0x00000000d8300000,0x00000000d87ffa00,0x00000000d8800000)
  to   space 5120K, 0% used [0x00000000d7e00000,0x00000000d7e00000,0x00000000d8300000)
 ParOldGen       total 87552K, used 3745K [0x0000000081800000, 0x0000000086d80000, 0x00000000d5d80000)
  object space 87552K, 4% used [0x0000000081800000,0x0000000081ba8728,0x0000000086d80000)
 Metaspace       used 19052K, capacity 19374K, committed 19712K, reserved 1067008K
  class space    used 2328K, capacity 2434K, committed 2560K, reserved 1048576K
Event: 9.364 GC heap after
Heap after GC invocations=5 (full 0):
 PSYoungGen      total 37888K, used 5101K [0x00000000d5d80000, 0x00000000d9080000, 0x0000000100000000)
  eden space 32768K, 0% used [0x00000000d5d80000,0x00000000d5d80000,0x00000000d7d80000)
  from space 5120K, 99% used [0x00000000d7e00000,0x00000000d82fb400,0x00000000d8300000)
  to   space 9728K, 0% used [0x00000000d8700000,0x00000000d8700000,0x00000000d9080000)
 ParOldGen       total 87552K, used 7354K [0x0000000081800000, 0x0000000086d80000, 0x00000000d5d80000)
  object space 87552K, 8% used [0x0000000081800000,0x0000000081f2e830,0x0000000086d80000)
 Metaspace       used 19052K, capacity 19374K, committed 19712K, reserved 1067008K
  class space    used 2328K, capacity 2434K, committed 2560K, reserved 1048576K
}
Event: 9.951 GC heap before
{Heap before GC invocations=6 (full 0):
 PSYoungGen      total 37888K, used 30190K [0x00000000d5d80000, 0x00000000d9080000, 0x0000000100000000)
  eden space 32768K, 76% used [0x00000000d5d80000,0x00000000d7600450,0x00000000d7d80000)
  from space 5120K, 99% used [0x00000000d7e00000,0x00000000d82fb400,0x00000000d8300000)
  to   space 9728K, 0% used [0x00000000d8700000,0x00000000d8700000,0x00000000d9080000)
 ParOldGen       total 87552K, used 7354K [0x0000000081800000, 0x0000000086d80000, 0x00000000d5d80000)
  object space 87552K, 8% used [0x0000000081800000,0x0000000081f2e830,0x0000000086d80000)
 Metaspace       used 20864K, capacity 21172K, committed 21296K, reserved 1069056K
  class space    used 2573K, capacity 2665K, committed 2688K, reserved 1048576K
Event: 9.971 GC heap after
Heap after GC invocations=6 (full 0):
 PSYoungGen      total 42496K, used 7565K [0x00000000d5d80000, 0x00000000db080000, 0x0000000100000000)
  eden space 32768K, 0% used [0x00000000d5d80000,0x00000000d5d80000,0x00000000d7d80000)
  from space 9728K, 77% used [0x00000000d8700000,0x00000000d8e63748,0x00000000d9080000)
  to   space 9728K, 0% used [0x00000000d7d80000,0x00000000d7d80000,0x00000000d8700000)
 ParOldGen       total 87552K, used 7362K [0x0000000081800000, 0x0000000086d80000, 0x00000000d5d80000)
  object space 87552K, 8% used [0x0000000081800000,0x0000000081f30830,0x0000000086d80000)
 Metaspace       used 20864K, capacity 21172K, committed 21296K, reserved 1069056K
  class space    used 2573K, capacity 2665K, committed 2688K, reserved 1048576K
}
Event: 9.971 GC heap before
{Heap before GC invocations=7 (full 1):
 PSYoungGen      total 42496K, used 7565K [0x00000000d5d80000, 0x00000000db080000, 0x0000000100000000)
  eden space 32768K, 0% used [0x00000000d5d80000,0x00000000d5d80000,0x00000000d7d80000)
  from space 9728K, 77% used [0x00000000d8700000,0x00000000d8e63748,0x00000000d9080000)
  to   space 9728K, 0% used [0x00000000d7d80000,0x00000000d7d80000,0x00000000d8700000)
 ParOldGen       total 87552K, used 7362K [0x0000000081800000, 0x0000000086d80000, 0x00000000d5d80000)
  object space 87552K, 8% used [0x0000000081800000,0x0000000081f30830,0x0000000086d80000)
 Metaspace       used 20864K, capacity 21172K, committed 21296K, reserved 1069056K
  class space    used 2573K, capacity 2665K, committed 2688K, reserved 1048576K
Event: 10.044 GC heap after
Heap after GC invocations=7 (full 1):
 PSYoungGen      total 42496K, used 0K [0x00000000d5d80000, 0x00000000db080000, 0x0000000100000000)
  eden space 32768K, 0% used [0x00000000d5d80000,0x00000000d5d80000,0x00000000d7d80000)
  from space 9728K, 0% used [0x00000000d8700000,0x00000000d8700000,0x00000000d9080000)
  to   space 9728K, 0% used [0x00000000d7d80000,0x00000000d7d80000,0x00000000d8700000)
 ParOldGen       total 58368K, used 9498K [0x0000000081800000, 0x0000000085100000, 0x00000000d5d80000)
  object space 58368K, 16% used [0x0000000081800000,0x0000000082146980,0x0000000085100000)
 Metaspace       used 20864K, capacity 21172K, committed 21296K, reserved 1069056K
  class space    used 2573K, capacity 2665K, committed 2688K, reserved 1048576K
}
Event: 10.700 GC heap before
{Heap before GC invocations=8 (full 1):
 PSYoungGen      total 42496K, used 32768K [0x00000000d5d80000, 0x00000000db080000, 0x0000000100000000)
  eden space 32768K, 100% used [0x00000000d5d80000,0x00000000d7d80000,0x00000000d7d80000)
  from space 9728K, 0% used [0x00000000d8700000,0x00000000d8700000,0x00000000d9080000)
  to   space 9728K, 0% used [0x00000000d7d80000,0x00000000d7d80000,0x00000000d8700000)
 ParOldGen       total 58368K, used 9498K [0x0000000081800000, 0x0000000085100000, 0x00000000d5d80000)
  object space 58368K, 16% used [0x0000000081800000,0x0000000082146980,0x0000000085100000)
 Metaspace       used 22904K, capacity 23258K, committed 23472K, reserved 1069056K
  class space    used 2910K, capacity 3018K, committed 3072K, reserved 1048576K
Event: 10.703 GC heap after
Heap after GC invocations=8 (full 1):
 PSYoungGen      total 42496K, used 2273K [0x00000000d5d80000, 0x00000000da580000, 0x0000000100000000)
  eden space 32768K, 0% used [0x00000000d5d80000,0x00000000d5d80000,0x00000000d7d80000)
  from space 9728K, 23% used [0x00000000d7d80000,0x00000000d7fb8580,0x00000000d8700000)
  to   space 10240K, 0% used [0x00000000d9b80000,0x00000000d9b80000,0x00000000da580000)
 ParOldGen       total 58368K, used 9498K [0x0000000081800000, 0x0000000085100000, 0x00000000d5d80000)
  object space 58368K, 16% used [0x0000000081800000,0x0000000082146980,0x0000000085100000)
 Metaspace       used 22904K, capacity 23258K, committed 23472K, reserved 1069056K
  class space    used 2910K, capacity 3018K, committed 3072K, reserved 1048576K
}

